<?xml version="1.0" encoding="UTF-8"?>
<!-- Generated by org.testng.reporters.JUnitXMLReporter -->
<testsuite hostname="HP-PC" ignored="2" name="Smoke Scenarios" tests="19" failures="0" timestamp="19 May 2019 11:23:19 GMT" time="11.52" errors="0">
  <testcase name="@BeforeTest getBrowser" time="0.0" classname="com.qa.hubspot.parellelTestcases.ParellelTestcases">
    <failure type="org.testng.TestNGException" message="
Parameter &amp;apos;myBrowser&amp;apos; is required by BeforeTest on method getBrowser but has not been marked @Optional or defined
in C:\Users\HP\workspace\CodeBase-I\testng.xml">
      <![CDATA[org.testng.TestNGException: 
Parameter 'myBrowser' is required by BeforeTest on method getBrowser but has not been marked @Optional or defined
in C:\Users\HP\workspace\CodeBase-I\testng.xml
... Removed 21 stack frames]]>
    </failure>
  </testcase> <!-- @BeforeTest getBrowser -->
  <testcase name="@BeforeTest deleteCookies" time="0.0" classname="TestNGFeatures.TestNGBasicsTest">
    <skipped/>
  </testcase> <!-- @BeforeTest deleteCookies -->
  <testcase name="@BeforeMethod setUp" time="0.0" classname="TestNGFeatures.HUBSPOTLogin">
    <skipped/>
  </testcase> <!-- @BeforeMethod setUp -->
  <testcase name="@AfterMethod tearDown" time="0.0" classname="TestNGFeatures.HUBSPOTLogin">
    <skipped/>
  </testcase> <!-- @AfterMethod tearDown -->
  <testcase name="@BeforeMethod setUp" time="0.0" classname="TestNGFeatures.HUBSPOTLogin">
    <skipped/>
  </testcase> <!-- @BeforeMethod setUp -->
  <testcase name="@AfterMethod tearDown" time="0.0" classname="TestNGFeatures.HUBSPOTLogin">
    <skipped/>
  </testcase> <!-- @AfterMethod tearDown -->
  <testcase name="@BeforeMethod setUp" time="0.0" classname="TestNGFeatures.HUBSPOTLogin">
    <skipped/>
  </testcase> <!-- @BeforeMethod setUp -->
  <testcase name="@AfterMethod tearDown" time="0.0" classname="TestNGFeatures.HUBSPOTLogin">
    <skipped/>
  </testcase> <!-- @AfterMethod tearDown -->
  <testcase name="@BeforeMethod setUp" time="0.0" classname="com.qa.selenium.quickrecap.ActionsClassTest">
    <skipped/>
  </testcase> <!-- @BeforeMethod setUp -->
  <testcase name="@AfterMethod tearDown" time="0.0" classname="com.qa.selenium.quickrecap.ActionsClassTest">
    <skipped/>
  </testcase> <!-- @AfterMethod tearDown -->
  <testcase name="@BeforeMethod setUp" time="0.0" classname="FreeCRMTestSinglton.FreeCRMTestClass">
    <skipped/>
  </testcase> <!-- @BeforeMethod setUp -->
  <testcase name="@AfterMethod tearDown" time="0.0" classname="FreeCRMTestSinglton.FreeCRMTestClass">
    <skipped/>
  </testcase> <!-- @AfterMethod tearDown -->
  <testcase name="@BeforeMethod setUp" time="0.0" classname="FreeCRMTestSinglton.FreeCRMTestClass">
    <skipped/>
  </testcase> <!-- @BeforeMethod setUp -->
  <testcase name="@AfterMethod tearDown" time="0.0" classname="FreeCRMTestSinglton.FreeCRMTestClass">
    <skipped/>
  </testcase> <!-- @AfterMethod tearDown -->
  <testcase name="@BeforeMethod setup" time="0.0" classname="TestNGFeatures.Log4JTest">
    <skipped/>
  </testcase> <!-- @BeforeMethod setup -->
  <testcase name="@AfterMethod tearDown" time="0.0" classname="TestNGFeatures.Log4JTest">
    <skipped/>
  </testcase> <!-- @AfterMethod tearDown -->
  <testcase name="@BeforeMethod setUp" time="0.0" classname="com.qa.selenium.quickrecap.SeleniumBasics">
    <skipped/>
  </testcase> <!-- @BeforeMethod setUp -->
  <testcase name="@AfterMethod tearDown" time="0.0" classname="com.qa.selenium.quickrecap.SeleniumBasics">
    <skipped/>
  </testcase> <!-- @AfterMethod tearDown -->
  <testcase name="@BeforeMethod setup" time="0.0" classname="FreeCRMTestSinglton.WMTest">
    <skipped/>
  </testcase> <!-- @BeforeMethod setup -->
  <testcase name="@AfterMethod tearDown" time="0.0" classname="FreeCRMTestSinglton.WMTest">
    <skipped/>
  </testcase> <!-- @AfterMethod tearDown -->
  <testcase name="@BeforeMethod setUp" time="0.0" classname="com.qa.selenium.quickrecap.headlessFireFox">
    <skipped/>
  </testcase> <!-- @BeforeMethod setUp -->
  <testcase name="@AfterMethod tearDown" time="0.0" classname="com.qa.selenium.quickrecap.headlessFireFox">
    <skipped/>
  </testcase> <!-- @AfterMethod tearDown -->
  <testcase name="@BeforeMethod setUp" time="0.0" classname="com.qa.selenium.quickrecap.ScreenShotPracto">
    <skipped/>
  </testcase> <!-- @BeforeMethod setUp -->
  <testcase name="@AfterMethod tearDown" time="0.0" classname="com.qa.selenium.quickrecap.ScreenShotPracto">
    <skipped/>
  </testcase> <!-- @AfterMethod tearDown -->
  <testcase name="@AfterTest closeBrowser" time="0.0" classname="TestNGFeatures.AnnotationsRealLifeExample">
    <skipped/>
  </testcase> <!-- @AfterTest closeBrowser -->
  <testcase name="@AfterTest closeBrowser" time="0.0" classname="com.qa.hubspot.parellelTestcases.ParellelTestcases">
    <skipped/>
  </testcase> <!-- @AfterTest closeBrowser -->
  <testcase name="@AfterTest closeDBConnection" time="0.0" classname="TestNGFeatures.TestNGBasicsTest">
    <skipped/>
  </testcase> <!-- @AfterTest closeDBConnection -->
  <testcase name="loginTest" time="0.0" classname="TestNGFeatures.HUBSPOTLogin">
    <skipped/>
  </testcase> <!-- loginTest -->
  <testcase name="verifyLoginButtonTest" time="0.0" classname="TestNGFeatures.HUBSPOTLogin">
    <skipped/>
  </testcase> <!-- verifyLoginButtonTest -->
  <testcase name="verifyLoginPageTitleTest" time="0.0" classname="TestNGFeatures.HUBSPOTLogin">
    <skipped/>
  </testcase> <!-- verifyLoginPageTitleTest -->
  <testcase name="actionclassTest" time="0.0" classname="com.qa.selenium.quickrecap.ActionsClassTest">
    <skipped/>
  </testcase> <!-- actionclassTest -->
  <testcase name="HomePageTest" time="0.0" classname="TestNGFeatures.AssertionTest">
    <skipped/>
  </testcase> <!-- HomePageTest -->
  <testcase name="loginTest" time="0.0" classname="TestNGFeatures.AssertionTest">
    <skipped/>
  </testcase> <!-- loginTest -->
  <testcase name="logoutTest" time="0.0" classname="TestNGFeatures.AssertionTest">
    <skipped/>
  </testcase> <!-- logoutTest -->
  <testcase name="readPDFTest" time="0.0" classname="FreeCRMTestSinglton.PDFReaderTest">
    <skipped/>
  </testcase> <!-- readPDFTest -->
  <testcase name="logoTest" time="0.0" classname="FreeCRMTestSinglton.FreeCRMTestClass">
    <skipped/>
  </testcase> <!-- logoTest -->
  <testcase name="verifyFreeCRMTitle" time="0.0" classname="FreeCRMTestSinglton.FreeCRMTestClass">
    <skipped/>
  </testcase> <!-- verifyFreeCRMTitle -->
  <testcase name="testMethod1" time="0.0" classname="com.qa.hubspot.parellelTestcases.ThreadLocalDemo">
    <skipped/>
  </testcase> <!-- testMethod1 -->
  <testcase name="testMethod2" time="0.0" classname="com.qa.hubspot.parellelTestcases.ThreadLocalDemo">
    <skipped/>
  </testcase> <!-- testMethod2 -->
  <testcase name="ebayPageTitleTestParellelModeOn" time="0.0" classname="com.qa.hubspot.parellelTestcases.ParellelTestcases">
    <skipped/>
  </testcase> <!-- ebayPageTitleTestParellelModeOn -->
  <testcase name="freecrmTitleTest" time="0.0" classname="TestNGFeatures.Log4JTest">
    <skipped/>
  </testcase> <!-- freecrmTitleTest -->
  <testcase name="Login" time="0.0" classname="SeleniumSessions.SeleniumBasicsPracto">
    <skipped/>
  </testcase> <!-- Login -->
  <testcase name="loginTest" time="0.0" classname="com.qa.selenium.quickrecap.SeleniumBasics">
    <skipped/>
  </testcase> <!-- loginTest -->
  <testcase name="freeCRMTest" time="0.0" classname="FreeCRMTestSinglton.WMTest">
    <skipped/>
  </testcase> <!-- freeCRMTest -->
  <testcase name="headlessBrowswerTest" time="0.0" classname="com.qa.selenium.quickrecap.headlessFireFox">
    <skipped/>
  </testcase> <!-- headlessBrowswerTest -->
  <testcase name="loginTest" time="0.0" classname="com.qa.selenium.quickrecap.ScreenShotPracto">
    <skipped/>
  </testcase> <!-- loginTest -->
  <testcase name="verifyLoginButtonTest" time="0.0" classname="TestNGFeatures.TestNGBasicsTest">
    <ignored/>
  </testcase> <!-- verifyLoginButtonTest -->
  <testcase name="verifyLoginPageTitleTest" time="0.0" classname="TestNGFeatures.TestNGBasicsTest">
    <ignored/>
  </testcase> <!-- verifyLoginPageTitleTest -->
</testsuite> <!-- Smoke Scenarios -->
