<?xml version="1.0" encoding="UTF-8"?>
<testng-results skipped="0" failed="2" ignored="0" total="4" passed="2">
  <reporter-output>
  </reporter-output>
  <suite name="Sanity TestSuite" duration-ms="28503" started-at="2019-01-26T03:26:36Z" finished-at="2019-01-26T03:27:04Z">
    <groups>
    </groups>
    <test name="parellelTest1 Browser Chrome" duration-ms="10091" started-at="2019-01-26T03:26:36Z" finished-at="2019-01-26T03:26:46Z">
      <class name="com.qa.hubspot.parellelTestcases.ParellelTestcases">
        <test-method status="PASS" signature="getBrowser(java.lang.String)[pri:0, instance:com.qa.hubspot.parellelTestcases.ParellelTestcases@7219ec67]" name="getBrowser" is-config="true" duration-ms="3320" started-at="2019-01-26T03:26:36Z" finished-at="2019-01-26T03:26:39Z">
          <params>
            <param index="0">
              <value>
                <![CDATA[chrome]]>
              </value>
            </param>
          </params>
          <reporter-output>
          </reporter-output>
        </test-method> <!-- getBrowser -->
        <test-method status="PASS" signature="ebayPageTitleTestParellelModeOn()[pri:0, instance:com.qa.hubspot.parellelTestcases.ParellelTestcases@7219ec67]" name="ebayPageTitleTestParellelModeOn" duration-ms="5854" started-at="2019-01-26T03:26:39Z" finished-at="2019-01-26T03:26:45Z">
          <reporter-output>
          </reporter-output>
        </test-method> <!-- ebayPageTitleTestParellelModeOn -->
        <test-method status="PASS" signature="closeBrowser()[pri:0, instance:com.qa.hubspot.parellelTestcases.ParellelTestcases@7219ec67]" name="closeBrowser" is-config="true" duration-ms="734" started-at="2019-01-26T03:26:45Z" finished-at="2019-01-26T03:26:46Z">
          <reporter-output>
          </reporter-output>
        </test-method> <!-- closeBrowser -->
      </class> <!-- com.qa.hubspot.parellelTestcases.ParellelTestcases -->
    </test> <!-- parellelTest1 Browser Chrome -->
    <test name="parellelTest2 Browser FF" duration-ms="16209" started-at="2019-01-26T03:26:36Z" finished-at="2019-01-26T03:26:52Z">
      <class name="com.qa.hubspot.parellelTestcases.ParellelTestcases">
        <test-method status="PASS" signature="getBrowser(java.lang.String)[pri:0, instance:com.qa.hubspot.parellelTestcases.ParellelTestcases@2bbf180e]" name="getBrowser" is-config="true" duration-ms="10251" started-at="2019-01-26T03:26:36Z" finished-at="2019-01-26T03:26:46Z">
          <params>
            <param index="0">
              <value>
                <![CDATA[firefox]]>
              </value>
            </param>
          </params>
          <reporter-output>
          </reporter-output>
        </test-method> <!-- getBrowser -->
        <test-method status="FAIL" signature="ebayPageTitleTestParellelModeOn()[pri:0, instance:com.qa.hubspot.parellelTestcases.ParellelTestcases@2bbf180e]" name="ebayPageTitleTestParellelModeOn" duration-ms="73" started-at="2019-01-26T03:26:46Z" finished-at="2019-01-26T03:26:46Z">
          <exception class="org.openqa.selenium.WebDriverException">
            <message>
              <![CDATA[fullscreen
Build info: version: '3.12.0', revision: '7c6e0b3', time: '2018-05-08T14:04:26.12Z'
System info: host: 'HP-PC', ip: '192.168.0.3', os.name: 'Windows 7', os.arch: 'amd64', os.version: '6.1', java.version: '1.8.0_111'
Driver info: org.openqa.selenium.firefox.FirefoxDriver
Capabilities {acceptInsecureCerts: true, browserName: firefox, browserVersion: 54.0, javascriptEnabled: true, moz:accessibilityChecks: false, moz:processID: 7616, moz:profile: C:\Users\HP\AppData\Local\T..., pageLoadStrategy: normal, platform: XP, platformName: XP, platformVersion: 6.1, rotatable: false, specificationLevel: 0, timeouts: {implicit: 0, pageLoad: 300000, script: 30000}}
Session ID: 644e5797-794b-43fe-9fa0-ad04cb979e80]]>
            </message>
            <full-stacktrace>
              <![CDATA[org.openqa.selenium.WebDriverException: fullscreen
Build info: version: '3.12.0', revision: '7c6e0b3', time: '2018-05-08T14:04:26.12Z'
System info: host: 'HP-PC', ip: '192.168.0.3', os.name: 'Windows 7', os.arch: 'amd64', os.version: '6.1', java.version: '1.8.0_111'
Driver info: org.openqa.selenium.firefox.FirefoxDriver
Capabilities {acceptInsecureCerts: true, browserName: firefox, browserVersion: 54.0, javascriptEnabled: true, moz:accessibilityChecks: false, moz:processID: 7616, moz:profile: C:\Users\HP\AppData\Local\T..., pageLoadStrategy: normal, platform: XP, platformName: XP, platformVersion: 6.1, rotatable: false, specificationLevel: 0, timeouts: {implicit: 0, pageLoad: 300000, script: 30000}}
Session ID: 644e5797-794b-43fe-9fa0-ad04cb979e80
at sun.reflect.NativeConstructorAccessorImpl.newInstance0(Native Method)
at sun.reflect.NativeConstructorAccessorImpl.newInstance(Unknown Source)
at sun.reflect.DelegatingConstructorAccessorImpl.newInstance(Unknown Source)
at java.lang.reflect.Constructor.newInstance(Unknown Source)
at org.openqa.selenium.remote.http.W3CHttpResponseCodec.createException(W3CHttpResponseCodec.java:187)
at org.openqa.selenium.remote.http.W3CHttpResponseCodec.decode(W3CHttpResponseCodec.java:122)
at org.openqa.selenium.remote.http.W3CHttpResponseCodec.decode(W3CHttpResponseCodec.java:49)
at org.openqa.selenium.remote.HttpCommandExecutor.execute(HttpCommandExecutor.java:158)
at org.openqa.selenium.remote.service.DriverCommandExecutor.execute(DriverCommandExecutor.java:83)
at org.openqa.selenium.remote.RemoteWebDriver.execute(RemoteWebDriver.java:543)
at org.openqa.selenium.remote.RemoteWebDriver.execute(RemoteWebDriver.java:600)
at org.openqa.selenium.remote.RemoteWebDriver$RemoteWebDriverOptions$RemoteWindow.fullscreen(RemoteWebDriver.java:832)
at com.qa.hubspot.parellelTestcases.ParellelTestcases.ebayPageTitleTestParellelModeOn(ParellelTestcases.java:37)
at sun.reflect.NativeMethodAccessorImpl.invoke0(Native Method)
at sun.reflect.NativeMethodAccessorImpl.invoke(Unknown Source)
at sun.reflect.DelegatingMethodAccessorImpl.invoke(Unknown Source)
at java.lang.reflect.Method.invoke(Unknown Source)
at org.testng.internal.MethodInvocationHelper.invokeMethod(MethodInvocationHelper.java:124)
at org.testng.internal.Invoker.invokeMethod(Invoker.java:580)
at org.testng.internal.Invoker.invokeTestMethod(Invoker.java:716)
at org.testng.internal.Invoker.invokeTestMethods(Invoker.java:988)
at org.testng.internal.TestMethodWorker.invokeTestMethods(TestMethodWorker.java:125)
at org.testng.internal.TestMethodWorker.run(TestMethodWorker.java:109)
at org.testng.TestRunner.privateRun(TestRunner.java:648)
at org.testng.TestRunner.run(TestRunner.java:505)
at org.testng.SuiteRunner.runTest(SuiteRunner.java:455)
at org.testng.SuiteRunner.access$000(SuiteRunner.java:40)
at org.testng.SuiteRunner$SuiteWorker.run(SuiteRunner.java:489)
at org.testng.internal.thread.ThreadUtil$1.call(ThreadUtil.java:52)
at java.util.concurrent.FutureTask.run(Unknown Source)
at java.util.concurrent.ThreadPoolExecutor.runWorker(Unknown Source)
at java.util.concurrent.ThreadPoolExecutor$Worker.run(Unknown Source)
at java.lang.Thread.run(Unknown Source)
]]>
            </full-stacktrace>
          </exception> <!-- org.openqa.selenium.WebDriverException -->
          <reporter-output>
          </reporter-output>
        </test-method> <!-- ebayPageTitleTestParellelModeOn -->
        <test-method status="PASS" signature="closeBrowser()[pri:0, instance:com.qa.hubspot.parellelTestcases.ParellelTestcases@2bbf180e]" name="closeBrowser" is-config="true" duration-ms="5853" started-at="2019-01-26T03:26:46Z" finished-at="2019-01-26T03:26:52Z">
          <reporter-output>
          </reporter-output>
        </test-method> <!-- closeBrowser -->
      </class> <!-- com.qa.hubspot.parellelTestcases.ParellelTestcases -->
    </test> <!-- parellelTest2 Browser FF -->
    <test name="parellelTest3 Browser Chrome" duration-ms="14479" started-at="2019-01-26T03:26:46Z" finished-at="2019-01-26T03:27:00Z">
      <class name="com.qa.hubspot.parellelTestcases.ParellelTestcases">
        <test-method status="PASS" signature="getBrowser(java.lang.String)[pri:0, instance:com.qa.hubspot.parellelTestcases.ParellelTestcases@71b1176b]" name="getBrowser" is-config="true" duration-ms="6123" started-at="2019-01-26T03:26:46Z" finished-at="2019-01-26T03:26:52Z">
          <params>
            <param index="0">
              <value>
                <![CDATA[chrome]]>
              </value>
            </param>
          </params>
          <reporter-output>
          </reporter-output>
        </test-method> <!-- getBrowser -->
        <test-method status="PASS" signature="ebayPageTitleTestParellelModeOn()[pri:0, instance:com.qa.hubspot.parellelTestcases.ParellelTestcases@71b1176b]" name="ebayPageTitleTestParellelModeOn" duration-ms="7690" started-at="2019-01-26T03:26:52Z" finished-at="2019-01-26T03:27:00Z">
          <reporter-output>
          </reporter-output>
        </test-method> <!-- ebayPageTitleTestParellelModeOn -->
        <test-method status="PASS" signature="closeBrowser()[pri:0, instance:com.qa.hubspot.parellelTestcases.ParellelTestcases@71b1176b]" name="closeBrowser" is-config="true" duration-ms="656" started-at="2019-01-26T03:27:00Z" finished-at="2019-01-26T03:27:00Z">
          <reporter-output>
          </reporter-output>
        </test-method> <!-- closeBrowser -->
      </class> <!-- com.qa.hubspot.parellelTestcases.ParellelTestcases -->
    </test> <!-- parellelTest3 Browser Chrome -->
    <test name="parellelTest4 Browser FF" duration-ms="12254" started-at="2019-01-26T03:26:52Z" finished-at="2019-01-26T03:27:04Z">
      <class name="com.qa.hubspot.parellelTestcases.ParellelTestcases">
        <test-method status="PASS" signature="getBrowser(java.lang.String)[pri:0, instance:com.qa.hubspot.parellelTestcases.ParellelTestcases@51e5fc98]" name="getBrowser" is-config="true" duration-ms="10567" started-at="2019-01-26T03:26:52Z" finished-at="2019-01-26T03:27:02Z">
          <params>
            <param index="0">
              <value>
                <![CDATA[firefox]]>
              </value>
            </param>
          </params>
          <reporter-output>
          </reporter-output>
        </test-method> <!-- getBrowser -->
        <test-method status="FAIL" signature="ebayPageTitleTestParellelModeOn()[pri:0, instance:com.qa.hubspot.parellelTestcases.ParellelTestcases@51e5fc98]" name="ebayPageTitleTestParellelModeOn" duration-ms="46" started-at="2019-01-26T03:27:02Z" finished-at="2019-01-26T03:27:03Z">
          <exception class="org.openqa.selenium.WebDriverException">
            <message>
              <![CDATA[fullscreen
Build info: version: '3.12.0', revision: '7c6e0b3', time: '2018-05-08T14:04:26.12Z'
System info: host: 'HP-PC', ip: '192.168.0.3', os.name: 'Windows 7', os.arch: 'amd64', os.version: '6.1', java.version: '1.8.0_111'
Driver info: org.openqa.selenium.firefox.FirefoxDriver
Capabilities {acceptInsecureCerts: true, browserName: firefox, browserVersion: 54.0, javascriptEnabled: true, moz:accessibilityChecks: false, moz:processID: 6616, moz:profile: C:\Users\HP\AppData\Local\T..., pageLoadStrategy: normal, platform: XP, platformName: XP, platformVersion: 6.1, rotatable: false, specificationLevel: 0, timeouts: {implicit: 0, pageLoad: 300000, script: 30000}}
Session ID: 1863f84a-f6f7-4260-a08a-a954d618efe5]]>
            </message>
            <full-stacktrace>
              <![CDATA[org.openqa.selenium.WebDriverException: fullscreen
Build info: version: '3.12.0', revision: '7c6e0b3', time: '2018-05-08T14:04:26.12Z'
System info: host: 'HP-PC', ip: '192.168.0.3', os.name: 'Windows 7', os.arch: 'amd64', os.version: '6.1', java.version: '1.8.0_111'
Driver info: org.openqa.selenium.firefox.FirefoxDriver
Capabilities {acceptInsecureCerts: true, browserName: firefox, browserVersion: 54.0, javascriptEnabled: true, moz:accessibilityChecks: false, moz:processID: 6616, moz:profile: C:\Users\HP\AppData\Local\T..., pageLoadStrategy: normal, platform: XP, platformName: XP, platformVersion: 6.1, rotatable: false, specificationLevel: 0, timeouts: {implicit: 0, pageLoad: 300000, script: 30000}}
Session ID: 1863f84a-f6f7-4260-a08a-a954d618efe5
at sun.reflect.NativeConstructorAccessorImpl.newInstance0(Native Method)
at sun.reflect.NativeConstructorAccessorImpl.newInstance(Unknown Source)
at sun.reflect.DelegatingConstructorAccessorImpl.newInstance(Unknown Source)
at java.lang.reflect.Constructor.newInstance(Unknown Source)
at org.openqa.selenium.remote.http.W3CHttpResponseCodec.createException(W3CHttpResponseCodec.java:187)
at org.openqa.selenium.remote.http.W3CHttpResponseCodec.decode(W3CHttpResponseCodec.java:122)
at org.openqa.selenium.remote.http.W3CHttpResponseCodec.decode(W3CHttpResponseCodec.java:49)
at org.openqa.selenium.remote.HttpCommandExecutor.execute(HttpCommandExecutor.java:158)
at org.openqa.selenium.remote.service.DriverCommandExecutor.execute(DriverCommandExecutor.java:83)
at org.openqa.selenium.remote.RemoteWebDriver.execute(RemoteWebDriver.java:543)
at org.openqa.selenium.remote.RemoteWebDriver.execute(RemoteWebDriver.java:600)
at org.openqa.selenium.remote.RemoteWebDriver$RemoteWebDriverOptions$RemoteWindow.fullscreen(RemoteWebDriver.java:832)
at com.qa.hubspot.parellelTestcases.ParellelTestcases.ebayPageTitleTestParellelModeOn(ParellelTestcases.java:37)
at sun.reflect.NativeMethodAccessorImpl.invoke0(Native Method)
at sun.reflect.NativeMethodAccessorImpl.invoke(Unknown Source)
at sun.reflect.DelegatingMethodAccessorImpl.invoke(Unknown Source)
at java.lang.reflect.Method.invoke(Unknown Source)
at org.testng.internal.MethodInvocationHelper.invokeMethod(MethodInvocationHelper.java:124)
at org.testng.internal.Invoker.invokeMethod(Invoker.java:580)
at org.testng.internal.Invoker.invokeTestMethod(Invoker.java:716)
at org.testng.internal.Invoker.invokeTestMethods(Invoker.java:988)
at org.testng.internal.TestMethodWorker.invokeTestMethods(TestMethodWorker.java:125)
at org.testng.internal.TestMethodWorker.run(TestMethodWorker.java:109)
at org.testng.TestRunner.privateRun(TestRunner.java:648)
at org.testng.TestRunner.run(TestRunner.java:505)
at org.testng.SuiteRunner.runTest(SuiteRunner.java:455)
at org.testng.SuiteRunner.access$000(SuiteRunner.java:40)
at org.testng.SuiteRunner$SuiteWorker.run(SuiteRunner.java:489)
at org.testng.internal.thread.ThreadUtil$1.call(ThreadUtil.java:52)
at java.util.concurrent.FutureTask.run(Unknown Source)
at java.util.concurrent.ThreadPoolExecutor.runWorker(Unknown Source)
at java.util.concurrent.ThreadPoolExecutor$Worker.run(Unknown Source)
at java.lang.Thread.run(Unknown Source)
]]>
            </full-stacktrace>
          </exception> <!-- org.openqa.selenium.WebDriverException -->
          <reporter-output>
          </reporter-output>
        </test-method> <!-- ebayPageTitleTestParellelModeOn -->
        <test-method status="PASS" signature="closeBrowser()[pri:0, instance:com.qa.hubspot.parellelTestcases.ParellelTestcases@51e5fc98]" name="closeBrowser" is-config="true" duration-ms="1633" started-at="2019-01-26T03:27:03Z" finished-at="2019-01-26T03:27:04Z">
          <reporter-output>
          </reporter-output>
        </test-method> <!-- closeBrowser -->
      </class> <!-- com.qa.hubspot.parellelTestcases.ParellelTestcases -->
    </test> <!-- parellelTest4 Browser FF -->
  </suite> <!-- Sanity TestSuite -->
</testng-results>
