<?xml version="1.0" encoding="UTF-8"?>
<!-- Generated by org.testng.reporters.JUnitXMLReporter -->
<testsuite hostname="HP-PC" ignored="0" name="parellelTest4 Browser FF" tests="1" failures="1" timestamp="26 Jan 2019 03:27:04 GMT" time="12.254" errors="0">
  <testcase name="ebayPageTitleTestParellelModeOn" time="0.046" classname="com.qa.hubspot.parellelTestcases.ParellelTestcases">
    <failure type="org.openqa.selenium.WebDriverException" message="fullscreen
Build info: version: &amp;apos;3.12.0&amp;apos;, revision: &amp;apos;7c6e0b3&amp;apos;, time: &amp;apos;2018-05-08T14:04:26.12Z&amp;apos;
System info: host: &amp;apos;HP-PC&amp;apos;, ip: &amp;apos;192.168.0.3&amp;apos;, os.name: &amp;apos;Windows 7&amp;apos;, os.arch: &amp;apos;amd64&amp;apos;, os.version: &amp;apos;6.1&amp;apos;, java.version: &amp;apos;1.8.0_111&amp;apos;
Driver info: org.openqa.selenium.firefox.FirefoxDriver
Capabilities {acceptInsecureCerts: true, browserName: firefox, browserVersion: 54.0, javascriptEnabled: true, moz:accessibilityChecks: false, moz:processID: 6616, moz:profile: C:\Users\HP\AppData\Local\T..., pageLoadStrategy: normal, platform: XP, platformName: XP, platformVersion: 6.1, rotatable: false, specificationLevel: 0, timeouts: {implicit: 0, pageLoad: 300000, script: 30000}}
Session ID: 1863f84a-f6f7-4260-a08a-a954d618efe5">
      <![CDATA[org.openqa.selenium.WebDriverException: fullscreen
Build info: version: '3.12.0', revision: '7c6e0b3', time: '2018-05-08T14:04:26.12Z'
System info: host: 'HP-PC', ip: '192.168.0.3', os.name: 'Windows 7', os.arch: 'amd64', os.version: '6.1', java.version: '1.8.0_111'
Driver info: org.openqa.selenium.firefox.FirefoxDriver
Capabilities {acceptInsecureCerts: true, browserName: firefox, browserVersion: 54.0, javascriptEnabled: true, moz:accessibilityChecks: false, moz:processID: 6616, moz:profile: C:\Users\HP\AppData\Local\T..., pageLoadStrategy: normal, platform: XP, platformName: XP, platformVersion: 6.1, rotatable: false, specificationLevel: 0, timeouts: {implicit: 0, pageLoad: 300000, script: 30000}}
Session ID: 1863f84a-f6f7-4260-a08a-a954d618efe5
at org.openqa.selenium.remote.http.W3CHttpResponseCodec.createException(W3CHttpResponseCodec.java:187)
at org.openqa.selenium.remote.http.W3CHttpResponseCodec.decode(W3CHttpResponseCodec.java:122)
at org.openqa.selenium.remote.http.W3CHttpResponseCodec.decode(W3CHttpResponseCodec.java:49)
at org.openqa.selenium.remote.HttpCommandExecutor.execute(HttpCommandExecutor.java:158)
at org.openqa.selenium.remote.service.DriverCommandExecutor.execute(DriverCommandExecutor.java:83)
at org.openqa.selenium.remote.RemoteWebDriver.execute(RemoteWebDriver.java:543)
at org.openqa.selenium.remote.RemoteWebDriver.execute(RemoteWebDriver.java:600)
at org.openqa.selenium.remote.RemoteWebDriver$RemoteWebDriverOptions$RemoteWindow.fullscreen(RemoteWebDriver.java:832)
at com.qa.hubspot.parellelTestcases.ParellelTestcases.ebayPageTitleTestParellelModeOn(ParellelTestcases.java:37)
at java.util.concurrent.FutureTask.run(Unknown Source)
at java.util.concurrent.ThreadPoolExecutor.runWorker(Unknown Source)
at java.util.concurrent.ThreadPoolExecutor$Worker.run(Unknown Source)
at java.lang.Thread.run(Unknown Source)
... Removed 20 stack frames]]>
    </failure>
  </testcase> <!-- ebayPageTitleTestParellelModeOn -->
</testsuite> <!-- parellelTest4 Browser FF -->
